update-alternatives 2016-03-26 19:23:22: run with --quiet --install /usr/bin/awk awk /usr/bin/mawk 5 --slave /usr/share/man/man1/awk.1.gz awk.1.gz /usr/share/man/man1/mawk.1.gz --slave /usr/bin/nawk nawk /usr/bin/mawk --slave /usr/share/man/man1/nawk.1.gz nawk.1.gz /usr/share/man/man1/mawk.1.gz
update-alternatives 2016-03-26 19:23:22: link group awk updated to point to /usr/bin/mawk
update-alternatives 2016-03-26 19:23:25: run with --quiet --install /usr/bin/pager pager /bin/less 77 --slave /usr/share/man/man1/pager.1.gz pager.1.gz /usr/share/man/man1/less.1.gz
update-alternatives 2016-03-26 19:23:25: link group pager updated to point to /bin/less
update-alternatives 2016-03-26 19:23:25: run with --quiet --remove pager /usr/bin/less
update-alternatives 2016-03-26 19:23:27: run with --quiet --install /usr/bin/pager pager /bin/less 77 --slave /usr/share/man/man1/pager.1.gz pager.1.gz /usr/share/man/man1/less.1.gz
update-alternatives 2016-03-26 19:23:27: run with --quiet --remove pager /usr/bin/less
update-alternatives 2016-03-26 19:23:27: run with --install /usr/sbin/rmt rmt /usr/sbin/rmt-tar 50 --slave /usr/share/man/man8/rmt.8.gz rmt.8.gz /usr/share/man/man8/rmt-tar.8.gz
update-alternatives 2016-03-26 19:23:27: link group rmt updated to point to /usr/sbin/rmt-tar
update-alternatives 2016-03-26 20:23:51: run with --install /usr/bin/rename rename /usr/bin/prename 60 --slave /usr/share/man/man1/rename.1.gz rename.1.gz /usr/share/man/man1/prename.1.gz
update-alternatives 2016-03-26 20:23:51: link group rename updated to point to /usr/bin/prename
update-alternatives 2016-03-26 20:23:51: run with --install /usr/bin/editor editor /bin/nano 40 --slave /usr/share/man/man1/editor.1.gz editor.1.gz /usr/share/man/man1/nano.1.gz
update-alternatives 2016-03-26 20:23:51: link group editor updated to point to /bin/nano
update-alternatives 2016-03-26 20:23:51: run with --install /usr/bin/pico pico /bin/nano 10 --slave /usr/share/man/man1/pico.1.gz pico.1.gz /usr/share/man/man1/nano.1.gz
update-alternatives 2016-03-26 20:23:51: link group pico updated to point to /bin/nano
update-alternatives 2016-03-26 20:24:19: run with --install /usr/share/man/man7/builtins.7.gz builtins.7.gz /usr/share/man/man7/bash-builtins.7.gz 10
update-alternatives 2016-03-26 20:24:19: link group builtins.7.gz updated to point to /usr/share/man/man7/bash-builtins.7.gz
update-alternatives 2016-03-26 20:24:20: run with --install /usr/bin/w w /usr/bin/w.procps 50 --slave /usr/share/man/man1/w.1.gz w.1.gz /usr/share/man/man1/w.procps.1.gz
update-alternatives 2016-03-26 20:24:20: link group w updated to point to /usr/bin/w.procps
update-alternatives 2016-03-26 20:24:26: run with --quiet --install /usr/bin/rsh rsh /usr/bin/ssh 20 --slave /usr/share/man/man1/rsh.1.gz rsh.1.gz /usr/share/man/man1/ssh.1.gz
update-alternatives 2016-03-26 20:24:26: link group rsh updated to point to /usr/bin/ssh
update-alternatives 2016-03-26 20:24:26: run with --quiet --install /usr/bin/rlogin rlogin /usr/bin/slogin 20 --slave /usr/share/man/man1/rlogin.1.gz rlogin.1.gz /usr/share/man/man1/slogin.1.gz
update-alternatives 2016-03-26 20:24:26: link group rlogin updated to point to /usr/bin/slogin
update-alternatives 2016-03-26 20:24:26: run with --quiet --install /usr/bin/rcp rcp /usr/bin/scp 20 --slave /usr/share/man/man1/rcp.1.gz rcp.1.gz /usr/share/man/man1/scp.1.gz
update-alternatives 2016-03-26 20:24:26: link group rcp updated to point to /usr/bin/scp
update-alternatives 2016-03-26 20:24:29: run with --install /usr/bin/pager pager /bin/more 50 --slave /usr/share/man/man1/pager.1.gz pager.1.gz /usr/share/man/man1/more.1.gz
update-alternatives 2016-03-26 20:24:29: run with --install /usr/bin/pager pager /usr/bin/pg 10 --slave /usr/share/man/man1/pager.1.gz pager.1.gz /usr/share/man/man1/pg.1.gz
