2016-03-26 19:23:13 startup packages configure
2016-03-26 19:23:13 configure gcc-4.8-base:armel 4.8.4-1 <none>
2016-03-26 19:23:13 status unpacked gcc-4.8-base:armel 4.8.4-1
2016-03-26 19:23:13 status half-configured gcc-4.8-base:armel 4.8.4-1
2016-03-26 19:23:13 status installed gcc-4.8-base:armel 4.8.4-1
2016-03-26 19:23:13 configure lsb-base:all 4.1+Debian13+nmu1 <none>
2016-03-26 19:23:13 status unpacked lsb-base:all 4.1+Debian13+nmu1
2016-03-26 19:23:13 status half-configured lsb-base:all 4.1+Debian13+nmu1
2016-03-26 19:23:13 status installed lsb-base:all 4.1+Debian13+nmu1
2016-03-26 19:23:13 configure sensible-utils:all 0.0.9 <none>
2016-03-26 19:23:13 status unpacked sensible-utils:all 0.0.9
2016-03-26 19:23:13 status half-configured sensible-utils:all 0.0.9
2016-03-26 19:23:13 status installed sensible-utils:all 0.0.9
2016-03-26 19:23:13 configure ncurses-base:all 5.9+20140913-1 <none>
2016-03-26 19:23:13 status unpacked ncurses-base:all 5.9+20140913-1
2016-03-26 19:23:13 status half-configured ncurses-base:all 5.9+20140913-1
2016-03-26 19:23:13 status installed ncurses-base:all 5.9+20140913-1
2016-03-26 19:23:13 configure libsemanage-common:all 2.3-1 <none>
2016-03-26 19:23:13 status unpacked libsemanage-common:all 2.3-1
2016-03-26 19:23:13 status half-configured libsemanage-common:all 2.3-1
2016-03-26 19:23:13 status installed libsemanage-common:all 2.3-1
2016-03-26 19:23:13 configure gcc-4.9-base:armel 4.9.2-10 <none>
2016-03-26 19:23:13 status unpacked gcc-4.9-base:armel 4.9.2-10
2016-03-26 19:23:13 status half-configured gcc-4.9-base:armel 4.9.2-10
2016-03-26 19:23:13 status installed gcc-4.9-base:armel 4.9.2-10
2016-03-26 19:23:13 configure libaudit-common:all 1:2.4-1 <none>
2016-03-26 19:23:13 status unpacked libaudit-common:all 1:2.4-1
2016-03-26 19:23:13 status half-configured libaudit-common:all 1:2.4-1
2016-03-26 19:23:13 status installed libaudit-common:all 1:2.4-1
2016-03-26 19:23:13 configure netbase:all 5.3 <none>
2016-03-26 19:23:13 status unpacked netbase:all 5.3
2016-03-26 19:23:13 status half-configured netbase:all 5.3
2016-03-26 19:23:13 status installed netbase:all 5.3
2016-03-26 19:23:14 configure multiarch-support:armel 2.19-18+deb8u2 <none>
2016-03-26 19:23:14 status unpacked multiarch-support:armel 2.19-18+deb8u2
2016-03-26 19:23:14 status half-configured multiarch-support:armel 2.19-18+deb8u2
2016-03-26 19:23:14 status installed multiarch-support:armel 2.19-18+deb8u2
2016-03-26 19:23:14 configure libc6:armel 2.19-18+deb8u2 <none>
2016-03-26 19:23:14 status unpacked libc6:armel 2.19-18+deb8u2
2016-03-26 19:23:14 status half-configured libc6:armel 2.19-18+deb8u2
2016-03-26 19:23:16 status installed libc6:armel 2.19-18+deb8u2
2016-03-26 19:23:16 configure libprocps3:armel 2:3.3.9-9 <none>
2016-03-26 19:23:16 status unpacked libprocps3:armel 2:3.3.9-9
2016-03-26 19:23:16 status half-configured libprocps3:armel 2:3.3.9-9
2016-03-26 19:23:16 status installed libprocps3:armel 2:3.3.9-9
2016-03-26 19:23:16 configure startpar:armel 0.59-3 <none>
2016-03-26 19:23:16 status unpacked startpar:armel 0.59-3
2016-03-26 19:23:16 status half-configured startpar:armel 0.59-3
2016-03-26 19:23:16 status installed startpar:armel 0.59-3
2016-03-26 19:23:16 configure libpcre3:armel 2:8.35-3.3+deb8u2 <none>
2016-03-26 19:23:16 status unpacked libpcre3:armel 2:8.35-3.3+deb8u2
2016-03-26 19:23:16 status half-configured libpcre3:armel 2:8.35-3.3+deb8u2
2016-03-26 19:23:17 status installed libpcre3:armel 2:8.35-3.3+deb8u2
2016-03-26 19:23:17 configure libbsd0:armel 0.7.0-2 <none>
2016-03-26 19:23:17 status unpacked libbsd0:armel 0.7.0-2
2016-03-26 19:23:17 status half-configured libbsd0:armel 0.7.0-2
2016-03-26 19:23:17 status installed libbsd0:armel 0.7.0-2
2016-03-26 19:23:17 configure libbz2-1.0:armel 1.0.6-7+b3 <none>
2016-03-26 19:23:17 status unpacked libbz2-1.0:armel 1.0.6-7+b3
2016-03-26 19:23:17 status half-configured libbz2-1.0:armel 1.0.6-7+b3
2016-03-26 19:23:17 status installed libbz2-1.0:armel 1.0.6-7+b3
2016-03-26 19:23:17 configure libkmod2:armel 18-3 <none>
2016-03-26 19:23:17 status unpacked libkmod2:armel 18-3
2016-03-26 19:23:17 status half-configured libkmod2:armel 18-3
2016-03-26 19:23:17 status installed libkmod2:armel 18-3
2016-03-26 19:23:17 configure libtasn1-6:armel 4.2-3+deb8u1 <none>
2016-03-26 19:23:17 status unpacked libtasn1-6:armel 4.2-3+deb8u1
2016-03-26 19:23:17 status half-configured libtasn1-6:armel 4.2-3+deb8u1
2016-03-26 19:23:17 status installed libtasn1-6:armel 4.2-3+deb8u1
2016-03-26 19:23:17 configure libgpg-error0:armel 1.17-3 <none>
2016-03-26 19:23:17 status unpacked libgpg-error0:armel 1.17-3
2016-03-26 19:23:17 status half-configured libgpg-error0:armel 1.17-3
2016-03-26 19:23:17 status installed libgpg-error0:armel 1.17-3
2016-03-26 19:23:17 configure libgmp10:armel 2:6.0.0+dfsg-6 <none>
2016-03-26 19:23:17 status unpacked libgmp10:armel 2:6.0.0+dfsg-6
2016-03-26 19:23:17 status half-configured libgmp10:armel 2:6.0.0+dfsg-6
2016-03-26 19:23:17 status installed libgmp10:armel 2:6.0.0+dfsg-6
2016-03-26 19:23:17 configure libisc-export95:armel 1:9.9.5.dfsg-9+deb8u4 <none>
2016-03-26 19:23:17 status unpacked libisc-export95:armel 1:9.9.5.dfsg-9+deb8u4
2016-03-26 19:23:17 status half-configured libisc-export95:armel 1:9.9.5.dfsg-9+deb8u4
2016-03-26 19:23:17 status installed libisc-export95:armel 1:9.9.5.dfsg-9+deb8u4
2016-03-26 19:23:17 configure libnettle4:armel 2.7.1-5 <none>
2016-03-26 19:23:17 status unpacked libnettle4:armel 2.7.1-5
2016-03-26 19:23:17 status half-configured libnettle4:armel 2.7.1-5
2016-03-26 19:23:17 status installed libnettle4:armel 2.7.1-5
2016-03-26 19:23:17 configure libdebconfclient0:armel 0.192 <none>
2016-03-26 19:23:17 status unpacked libdebconfclient0:armel 0.192
2016-03-26 19:23:17 status half-configured libdebconfclient0:armel 0.192
2016-03-26 19:23:17 status installed libdebconfclient0:armel 0.192
2016-03-26 19:23:17 configure libselinux1:armel 2.3-2 <none>
2016-03-26 19:23:17 status unpacked libselinux1:armel 2.3-2
2016-03-26 19:23:17 status half-configured libselinux1:armel 2.3-2
2016-03-26 19:23:18 status installed libselinux1:armel 2.3-2
2016-03-26 19:23:18 configure diffutils:armel 1:3.3-1+b1 <none>
2016-03-26 19:23:18 status unpacked diffutils:armel 1:3.3-1+b1
2016-03-26 19:23:18 status half-configured diffutils:armel 1:3.3-1+b1
2016-03-26 19:23:18 status installed diffutils:armel 1:3.3-1+b1
2016-03-26 19:23:18 configure insserv:armel 1.14.0-5 <none>
2016-03-26 19:23:18 status unpacked insserv:armel 1.14.0-5
2016-03-26 19:23:18 status half-configured insserv:armel 1.14.0-5
2016-03-26 19:23:18 status installed insserv:armel 1.14.0-5
2016-03-26 19:23:18 configure libcomerr2:armel 1.42.12-1.1 <none>
2016-03-26 19:23:18 status unpacked libcomerr2:armel 1.42.12-1.1
2016-03-26 19:23:18 status half-configured libcomerr2:armel 1.42.12-1.1
2016-03-26 19:23:18 status installed libcomerr2:armel 1.42.12-1.1
2016-03-26 19:23:18 configure findutils:armel 4.4.2-9+b1 <none>
2016-03-26 19:23:18 status unpacked findutils:armel 4.4.2-9+b1
2016-03-26 19:23:18 status half-configured findutils:armel 4.4.2-9+b1
2016-03-26 19:23:18 status installed findutils:armel 4.4.2-9+b1
2016-03-26 19:23:18 configure ethtool:armel 1:3.16-1 <none>
2016-03-26 19:23:18 status unpacked ethtool:armel 1:3.16-1
2016-03-26 19:23:18 status half-configured ethtool:armel 1:3.16-1
2016-03-26 19:23:18 status installed ethtool:armel 1:3.16-1
2016-03-26 19:23:18 configure libkeyutils1:armel 1.5.9-5+b1 <none>
2016-03-26 19:23:18 status unpacked libkeyutils1:armel 1.5.9-5+b1
2016-03-26 19:23:18 status half-configured libkeyutils1:armel 1.5.9-5+b1
2016-03-26 19:23:18 status installed libkeyutils1:armel 1.5.9-5+b1
2016-03-26 19:23:18 configure net-tools:armel 1.60-26+b1 <none>
2016-03-26 19:23:18 status unpacked net-tools:armel 1.60-26+b1
2016-03-26 19:23:18 status half-configured net-tools:armel 1.60-26+b1
2016-03-26 19:23:18 status installed net-tools:armel 1.60-26+b1
2016-03-26 19:23:18 configure libslang2:armel 2.3.0-2 <none>
2016-03-26 19:23:18 status unpacked libslang2:armel 2.3.0-2
2016-03-26 19:23:18 status half-configured libslang2:armel 2.3.0-2
2016-03-26 19:23:18 status installed libslang2:armel 2.3.0-2
2016-03-26 19:23:18 configure libusb-0.1-4:armel 2:0.1.12-25 <none>
2016-03-26 19:23:18 status unpacked libusb-0.1-4:armel 2:0.1.12-25
2016-03-26 19:23:18 status half-configured libusb-0.1-4:armel 2:0.1.12-25
2016-03-26 19:23:18 status installed libusb-0.1-4:armel 2:0.1.12-25
2016-03-26 19:23:18 configure libsepol1:armel 2.3-2 <none>
2016-03-26 19:23:18 status unpacked libsepol1:armel 2.3-2
2016-03-26 19:23:18 status half-configured libsepol1:armel 2.3-2
2016-03-26 19:23:18 status installed libsepol1:armel 2.3-2
2016-03-26 19:23:18 configure libidn11:armel 1.29-1+b2 <none>
2016-03-26 19:23:18 status unpacked libidn11:armel 1.29-1+b2
2016-03-26 19:23:18 status half-configured libidn11:armel 1.29-1+b2
2016-03-26 19:23:18 status installed libidn11:armel 1.29-1+b2
2016-03-26 19:23:18 configure libgcc1:armel 1:4.9.2-10 <none>
2016-03-26 19:23:18 status unpacked libgcc1:armel 1:4.9.2-10
2016-03-26 19:23:18 status half-configured libgcc1:armel 1:4.9.2-10
2016-03-26 19:23:18 status installed libgcc1:armel 1:4.9.2-10
2016-03-26 19:23:18 configure libustr-1.0-1:armel 1.0.4-3+b2 <none>
2016-03-26 19:23:18 status unpacked libustr-1.0-1:armel 1.0.4-3+b2
2016-03-26 19:23:18 status half-configured libustr-1.0-1:armel 1.0.4-3+b2
2016-03-26 19:23:19 status installed libustr-1.0-1:armel 1.0.4-3+b2
2016-03-26 19:23:19 configure libwrap0:armel 7.6.q-25 <none>
2016-03-26 19:23:19 status unpacked libwrap0:armel 7.6.q-25
2016-03-26 19:23:19 status half-configured libwrap0:armel 7.6.q-25
2016-03-26 19:23:19 status installed libwrap0:armel 7.6.q-25
2016-03-26 19:23:19 configure libsmartcols1:armel 2.25.2-6 <none>
2016-03-26 19:23:19 status unpacked libsmartcols1:armel 2.25.2-6
2016-03-26 19:23:19 status half-configured libsmartcols1:armel 2.25.2-6
2016-03-26 19:23:19 status installed libsmartcols1:armel 2.25.2-6
2016-03-26 19:23:19 configure libaudit1:armel 1:2.4-1+b1 <none>
2016-03-26 19:23:19 status unpacked libaudit1:armel 1:2.4-1+b1
2016-03-26 19:23:19 status half-configured libaudit1:armel 1:2.4-1+b1
2016-03-26 19:23:19 status installed libaudit1:armel 1:2.4-1+b1
2016-03-26 19:23:19 configure libtinfo5:armel 5.9+20140913-1+b1 <none>
2016-03-26 19:23:19 status unpacked libtinfo5:armel 5.9+20140913-1+b1
2016-03-26 19:23:19 status half-configured libtinfo5:armel 5.9+20140913-1+b1
2016-03-26 19:23:19 status installed libtinfo5:armel 5.9+20140913-1+b1
2016-03-26 19:23:19 configure libudev1:armel 215-17+deb8u3 <none>
2016-03-26 19:23:19 status unpacked libudev1:armel 215-17+deb8u3
2016-03-26 19:23:19 status half-configured libudev1:armel 215-17+deb8u3
2016-03-26 19:23:19 status installed libudev1:armel 215-17+deb8u3
2016-03-26 19:23:19 configure kmod:armel 18-3 <none>
2016-03-26 19:23:19 status unpacked kmod:armel 18-3
2016-03-26 19:23:19 status half-configured kmod:armel 18-3
2016-03-26 19:23:19 status installed kmod:armel 18-3
2016-03-26 19:23:20 configure libattr1:armel 1:2.4.47-2 <none>
2016-03-26 19:23:20 status unpacked libattr1:armel 1:2.4.47-2
2016-03-26 19:23:20 status half-configured libattr1:armel 1:2.4.47-2
2016-03-26 19:23:20 status installed libattr1:armel 1:2.4.47-2
2016-03-26 19:23:20 configure libss2:armel 1.42.12-1.1 <none>
2016-03-26 19:23:20 status unpacked libss2:armel 1.42.12-1.1
2016-03-26 19:23:20 status half-configured libss2:armel 1.42.12-1.1
2016-03-26 19:23:20 status installed libss2:armel 1.42.12-1.1
2016-03-26 19:23:20 configure liblzma5:armel 5.1.1alpha+20120614-2+b3 <none>
2016-03-26 19:23:20 status unpacked liblzma5:armel 5.1.1alpha+20120614-2+b3
2016-03-26 19:23:20 status half-configured liblzma5:armel 5.1.1alpha+20120614-2+b3
2016-03-26 19:23:20 status installed liblzma5:armel 5.1.1alpha+20120614-2+b3
2016-03-26 19:23:20 configure libhogweed2:armel 2.7.1-5 <none>
2016-03-26 19:23:20 status unpacked libhogweed2:armel 2.7.1-5
2016-03-26 19:23:20 status half-configured libhogweed2:armel 2.7.1-5
2016-03-26 19:23:20 status installed libhogweed2:armel 2.7.1-5
2016-03-26 19:23:20 configure base-passwd:armel 3.5.37 <none>
2016-03-26 19:23:20 status unpacked base-passwd:armel 3.5.37
2016-03-26 19:23:20 status half-configured base-passwd:armel 3.5.37
2016-03-26 19:23:22 status installed base-passwd:armel 3.5.37
2016-03-26 19:23:22 configure libisccfg-export90:armel 1:9.9.5.dfsg-9+deb8u4 <none>
2016-03-26 19:23:22 status unpacked libisccfg-export90:armel 1:9.9.5.dfsg-9+deb8u4
2016-03-26 19:23:22 status half-configured libisccfg-export90:armel 1:9.9.5.dfsg-9+deb8u4
2016-03-26 19:23:22 status installed libisccfg-export90:armel 1:9.9.5.dfsg-9+deb8u4
2016-03-26 19:23:22 configure e2fslibs:armel 1.42.12-1.1 <none>
2016-03-26 19:23:22 status unpacked e2fslibs:armel 1.42.12-1.1
2016-03-26 19:23:22 status half-configured e2fslibs:armel 1.42.12-1.1
2016-03-26 19:23:22 status installed e2fslibs:armel 1.42.12-1.1
2016-03-26 19:23:22 configure debianutils:armel 4.4+b1 <none>
2016-03-26 19:23:22 status unpacked debianutils:armel 4.4+b1
2016-03-26 19:23:22 status half-configured debianutils:armel 4.4+b1
2016-03-26 19:23:22 status installed debianutils:armel 4.4+b1
2016-03-26 19:23:22 configure libgcrypt20:armel 1.6.3-2 <none>
2016-03-26 19:23:22 status unpacked libgcrypt20:armel 1.6.3-2
2016-03-26 19:23:22 status half-configured libgcrypt20:armel 1.6.3-2
2016-03-26 19:23:22 status installed libgcrypt20:armel 1.6.3-2
2016-03-26 19:23:22 configure libncursesw5:armel 5.9+20140913-1+b1 <none>
2016-03-26 19:23:22 status unpacked libncursesw5:armel 5.9+20140913-1+b1
2016-03-26 19:23:22 status half-configured libncursesw5:armel 5.9+20140913-1+b1
2016-03-26 19:23:22 status installed libncursesw5:armel 5.9+20140913-1+b1
2016-03-26 19:23:22 configure libdb5.3:armel 5.3.28-9 <none>
2016-03-26 19:23:22 status unpacked libdb5.3:armel 5.3.28-9
2016-03-26 19:23:22 status half-configured libdb5.3:armel 5.3.28-9
2016-03-26 19:23:22 status installed libdb5.3:armel 5.3.28-9
2016-03-26 19:23:22 configure zlib1g:armel 1:1.2.8.dfsg-2+b1 <none>
2016-03-26 19:23:22 status unpacked zlib1g:armel 1:1.2.8.dfsg-2+b1
2016-03-26 19:23:22 status half-configured zlib1g:armel 1:1.2.8.dfsg-2+b1
2016-03-26 19:23:22 status installed zlib1g:armel 1:1.2.8.dfsg-2+b1
2016-03-26 19:23:22 configure hostname:armel 3.15 <none>
2016-03-26 19:23:22 status unpacked hostname:armel 3.15
2016-03-26 19:23:22 status half-configured hostname:armel 3.15
2016-03-26 19:23:22 status installed hostname:armel 3.15
2016-03-26 19:23:22 configure mawk:armel 1.3.3-17 <none>
2016-03-26 19:23:22 status unpacked mawk:armel 1.3.3-17
2016-03-26 19:23:22 status half-configured mawk:armel 1.3.3-17
2016-03-26 19:23:22 status installed mawk:armel 1.3.3-17
2016-03-26 19:23:22 configure gpgv:armel 1.4.18-7 <none>
2016-03-26 19:23:22 status unpacked gpgv:armel 1.4.18-7
2016-03-26 19:23:22 status half-configured gpgv:armel 1.4.18-7
2016-03-26 19:23:22 status installed gpgv:armel 1.4.18-7
2016-03-26 19:23:22 configure libcap2:armel 1:2.24-8 <none>
2016-03-26 19:23:22 status unpacked libcap2:armel 1:2.24-8
2016-03-26 19:23:22 status half-configured libcap2:armel 1:2.24-8
2016-03-26 19:23:22 status installed libcap2:armel 1:2.24-8
2016-03-26 19:23:22 configure libsystemd0:armel 215-17+deb8u3 <none>
2016-03-26 19:23:22 status unpacked libsystemd0:armel 215-17+deb8u3
2016-03-26 19:23:22 status half-configured libsystemd0:armel 215-17+deb8u3
2016-03-26 19:23:22 status installed libsystemd0:armel 215-17+deb8u3
2016-03-26 19:23:22 configure libdevmapper1.02.1:armel 2:1.02.90-2.2 <none>
2016-03-26 19:23:22 status unpacked libdevmapper1.02.1:armel 2:1.02.90-2.2
2016-03-26 19:23:22 status half-configured libdevmapper1.02.1:armel 2:1.02.90-2.2
2016-03-26 19:23:23 status installed libdevmapper1.02.1:armel 2:1.02.90-2.2
2016-03-26 19:23:23 configure libdns-export100:armel 1:9.9.5.dfsg-9+deb8u4 <none>
2016-03-26 19:23:23 status unpacked libdns-export100:armel 1:9.9.5.dfsg-9+deb8u4
2016-03-26 19:23:23 status half-configured libdns-export100:armel 1:9.9.5.dfsg-9+deb8u4
2016-03-26 19:23:23 status installed libdns-export100:armel 1:9.9.5.dfsg-9+deb8u4
2016-03-26 19:23:23 configure iproute2:armel 3.16.0-2 <none>
2016-03-26 19:23:23 status unpacked iproute2:armel 3.16.0-2
2016-03-26 19:23:23 status half-configured iproute2:armel 3.16.0-2
2016-03-26 19:23:23 status installed iproute2:armel 3.16.0-2
2016-03-26 19:23:23 configure libkrb5support0:armel 1.12.1+dfsg-19+deb8u1 <none>
2016-03-26 19:23:23 status unpacked libkrb5support0:armel 1.12.1+dfsg-19+deb8u1
2016-03-26 19:23:23 status half-configured libkrb5support0:armel 1.12.1+dfsg-19+deb8u1
2016-03-26 19:23:23 status installed libkrb5support0:armel 1.12.1+dfsg-19+deb8u1
2016-03-26 19:23:23 configure base-files:armel 8+deb8u3 <none>
2016-03-26 19:23:23 status unpacked base-files:armel 8+deb8u3
2016-03-26 19:23:23 status half-configured base-files:armel 8+deb8u3
2016-03-26 19:23:24 status installed base-files:armel 8+deb8u3
2016-03-26 19:23:25 configure libc-bin:armel 2.19-18+deb8u2 <none>
2016-03-26 19:23:25 status unpacked libc-bin:armel 2.19-18+deb8u2
2016-03-26 19:23:25 status half-configured libc-bin:armel 2.19-18+deb8u2
2016-03-26 19:23:25 status installed libc-bin:armel 2.19-18+deb8u2
2016-03-26 19:23:25 configure libsemanage1:armel 2.3-1+b1 <none>
2016-03-26 19:23:25 status unpacked libsemanage1:armel 2.3-1+b1
2016-03-26 19:23:25 status half-configured libsemanage1:armel 2.3-1+b1
2016-03-26 19:23:25 status installed libsemanage1:armel 2.3-1+b1
2016-03-26 19:23:25 status triggers-pending libc-bin:armel 2.19-18+deb8u2
2016-03-26 19:23:25 configure sysvinit-utils:armel 2.88dsf-59 <none>
2016-03-26 19:23:25 status unpacked sysvinit-utils:armel 2.88dsf-59
2016-03-26 19:23:25 status half-configured sysvinit-utils:armel 2.88dsf-59
2016-03-26 19:23:25 status installed sysvinit-utils:armel 2.88dsf-59
2016-03-26 19:23:25 configure debian-archive-keyring:all 2014.3 <none>
2016-03-26 19:23:25 status unpacked debian-archive-keyring:all 2014.3
2016-03-26 19:23:25 status half-configured debian-archive-keyring:all 2014.3
2016-03-26 19:23:25 status installed debian-archive-keyring:all 2014.3
2016-03-26 19:23:25 configure libstdc++6:armel 4.9.2-10 <none>
2016-03-26 19:23:25 status unpacked libstdc++6:armel 4.9.2-10
2016-03-26 19:23:25 status half-configured libstdc++6:armel 4.9.2-10
2016-03-26 19:23:25 status installed libstdc++6:armel 4.9.2-10
2016-03-26 19:23:25 configure libffi6:armel 3.1-2+b2 <none>
2016-03-26 19:23:25 status unpacked libffi6:armel 3.1-2+b2
2016-03-26 19:23:25 status half-configured libffi6:armel 3.1-2+b2
2016-03-26 19:23:25 status installed libffi6:armel 3.1-2+b2
2016-03-26 19:23:25 configure libacl1:armel 2.2.52-2 <none>
2016-03-26 19:23:25 status unpacked libacl1:armel 2.2.52-2
2016-03-26 19:23:25 status half-configured libacl1:armel 2.2.52-2
2016-03-26 19:23:25 status installed libacl1:armel 2.2.52-2
2016-03-26 19:23:25 configure ncurses-bin:armel 5.9+20140913-1+b1 <none>
2016-03-26 19:23:25 status unpacked ncurses-bin:armel 5.9+20140913-1+b1
2016-03-26 19:23:25 status half-configured ncurses-bin:armel 5.9+20140913-1+b1
2016-03-26 19:23:25 status installed ncurses-bin:armel 5.9+20140913-1+b1
2016-03-26 19:23:25 configure acl:armel 2.2.52-2 <none>
2016-03-26 19:23:25 status unpacked acl:armel 2.2.52-2
2016-03-26 19:23:25 status half-configured acl:armel 2.2.52-2
2016-03-26 19:23:25 status installed acl:armel 2.2.52-2
2016-03-26 19:23:25 configure libapt-pkg4.12:armel 1.0.9.8.2 <none>
2016-03-26 19:23:25 status unpacked libapt-pkg4.12:armel 1.0.9.8.2
2016-03-26 19:23:25 status half-configured libapt-pkg4.12:armel 1.0.9.8.2
2016-03-26 19:23:25 status installed libapt-pkg4.12:armel 1.0.9.8.2
2016-03-26 19:23:25 configure libicu52:armel 52.1-8+deb8u3 <none>
2016-03-26 19:23:25 status unpacked libicu52:armel 52.1-8+deb8u3
2016-03-26 19:23:25 status half-configured libicu52:armel 52.1-8+deb8u3
2016-03-26 19:23:25 status installed libicu52:armel 52.1-8+deb8u3
2016-03-26 19:23:25 configure libedit2:armel 3.1-20140620-2 <none>
2016-03-26 19:23:25 status unpacked libedit2:armel 3.1-20140620-2
2016-03-26 19:23:25 status half-configured libedit2:armel 3.1-20140620-2
2016-03-26 19:23:25 status installed libedit2:armel 3.1-20140620-2
2016-03-26 19:23:25 configure libncurses5:armel 5.9+20140913-1+b1 <none>
2016-03-26 19:23:25 status unpacked libncurses5:armel 5.9+20140913-1+b1
2016-03-26 19:23:25 status half-configured libncurses5:armel 5.9+20140913-1+b1
2016-03-26 19:23:25 status installed libncurses5:armel 5.9+20140913-1+b1
2016-03-26 19:23:25 configure libk5crypto3:armel 1.12.1+dfsg-19+deb8u1 <none>
2016-03-26 19:23:25 status unpacked libk5crypto3:armel 1.12.1+dfsg-19+deb8u1
2016-03-26 19:23:25 status half-configured libk5crypto3:armel 1.12.1+dfsg-19+deb8u1
2016-03-26 19:23:25 status installed libk5crypto3:armel 1.12.1+dfsg-19+deb8u1
2016-03-26 19:23:25 configure less:armel 458-3 <none>
2016-03-26 19:23:25 status unpacked less:armel 458-3
2016-03-26 19:23:25 status half-configured less:armel 458-3
2016-03-26 19:23:27 status installed less:armel 458-3
2016-03-26 19:23:27 configure dialog:armel 1.2-20140911-1 <none>
2016-03-26 19:23:27 status unpacked dialog:armel 1.2-20140911-1
2016-03-26 19:23:27 status half-configured dialog:armel 1.2-20140911-1
2016-03-26 19:23:27 status installed dialog:armel 1.2-20140911-1
2016-03-26 19:23:27 configure libcap2-bin:armel 1:2.24-8 <none>
2016-03-26 19:23:27 status unpacked libcap2-bin:armel 1:2.24-8
2016-03-26 19:23:27 status half-configured libcap2-bin:armel 1:2.24-8
2016-03-26 19:23:27 status installed libcap2-bin:armel 1:2.24-8
2016-03-26 19:23:27 configure iproute:all 1:3.16.0-2 <none>
2016-03-26 19:23:27 status unpacked iproute:all 1:3.16.0-2
2016-03-26 19:23:27 status half-configured iproute:all 1:3.16.0-2
2016-03-26 19:23:27 status installed iproute:all 1:3.16.0-2
2016-03-26 19:23:27 configure bsdutils:armel 1:2.25.2-6 <none>
2016-03-26 19:23:27 status unpacked bsdutils:armel 1:2.25.2-6
2016-03-26 19:23:27 status half-configured bsdutils:armel 1:2.25.2-6
2016-03-26 19:23:27 status installed bsdutils:armel 1:2.25.2-6
2016-03-26 19:23:27 configure libpsl0:armel 0.5.1-1 <none>
2016-03-26 19:23:27 status unpacked libpsl0:armel 0.5.1-1
2016-03-26 19:23:27 status half-configured libpsl0:armel 0.5.1-1
2016-03-26 19:23:27 status installed libpsl0:armel 0.5.1-1
2016-03-26 19:23:27 configure libirs-export91:armel 1:9.9.5.dfsg-9+deb8u4 <none>
2016-03-26 19:23:27 status unpacked libirs-export91:armel 1:9.9.5.dfsg-9+deb8u4
2016-03-26 19:23:27 status half-configured libirs-export91:armel 1:9.9.5.dfsg-9+deb8u4
2016-03-26 19:23:27 status installed libirs-export91:armel 1:9.9.5.dfsg-9+deb8u4
2016-03-26 19:23:27 configure coreutils:armel 8.23-4 <none>
2016-03-26 19:23:27 status unpacked coreutils:armel 8.23-4
2016-03-26 19:23:27 status half-configured coreutils:armel 8.23-4
2016-03-26 19:23:27 status installed coreutils:armel 8.23-4
2016-03-26 19:23:27 configure tar:armel 1.27.1-2+b1 <none>
2016-03-26 19:23:27 status unpacked tar:armel 1.27.1-2+b1
2016-03-26 19:23:27 status half-configured tar:armel 1.27.1-2+b1
2016-03-26 19:23:27 status installed tar:armel 1.27.1-2+b1
2016-03-26 19:23:27 configure libp11-kit0:armel 0.20.7-1 <none>
2016-03-26 19:23:27 status unpacked libp11-kit0:armel 0.20.7-1
2016-03-26 19:23:27 status half-configured libp11-kit0:armel 0.20.7-1
2016-03-26 19:23:27 status installed libp11-kit0:armel 0.20.7-1
2016-03-26 19:23:27 configure libgnutls-deb0-28:armel 3.3.8-6+deb8u3 <none>
2016-03-26 19:23:27 status unpacked libgnutls-deb0-28:armel 3.3.8-6+deb8u3
2016-03-26 19:23:27 status half-configured libgnutls-deb0-28:armel 3.3.8-6+deb8u3
2016-03-26 19:23:27 status installed libgnutls-deb0-28:armel 3.3.8-6+deb8u3
2016-03-26 19:23:27 configure dpkg:armel 1.17.26 <none>
2016-03-26 19:23:27 status unpacked dpkg:armel 1.17.26
2016-03-26 19:23:27 status half-configured dpkg:armel 1.17.26
2016-03-26 19:23:27 status installed dpkg:armel 1.17.26
2016-03-26 19:23:27 configure libkrb5-3:armel 1.12.1+dfsg-19+deb8u1 <none>
2016-03-26 19:23:27 status unpacked libkrb5-3:armel 1.12.1+dfsg-19+deb8u1
2016-03-26 19:23:27 status half-configured libkrb5-3:armel 1.12.1+dfsg-19+deb8u1
2016-03-26 19:23:28 status installed libkrb5-3:armel 1.12.1+dfsg-19+deb8u1
2016-03-26 19:23:28 configure sed:armel 4.2.2-4+b1 <none>
2016-03-26 19:23:28 status unpacked sed:armel 4.2.2-4+b1
2016-03-26 19:23:28 status half-configured sed:armel 4.2.2-4+b1
2016-03-26 19:23:28 status installed sed:armel 4.2.2-4+b1
2016-03-26 19:23:28 configure readline-common:all 6.3-8 <none>
2016-03-26 19:23:28 status unpacked readline-common:all 6.3-8
2016-03-26 19:23:28 status half-configured readline-common:all 6.3-8
2016-03-26 19:23:28 status installed readline-common:all 6.3-8
2016-03-26 19:23:28 configure libgdbm3:armel 1.8.3-13.1 <none>
2016-03-26 19:23:28 status unpacked libgdbm3:armel 1.8.3-13.1
2016-03-26 19:23:28 status half-configured libgdbm3:armel 1.8.3-13.1
2016-03-26 19:23:28 status installed libgdbm3:armel 1.8.3-13.1
2016-03-26 19:23:28 configure perl-base:armel 5.20.2-3+deb8u3 <none>
2016-03-26 19:23:28 status unpacked perl-base:armel 5.20.2-3+deb8u3
2016-03-26 19:23:28 status half-configured perl-base:armel 5.20.2-3+deb8u3
2016-03-26 19:23:28 status installed perl-base:armel 5.20.2-3+deb8u3
2016-03-26 19:23:28 configure grep:armel 2.20-4.1 <none>
2016-03-26 19:23:28 status unpacked grep:armel 2.20-4.1
2016-03-26 19:23:28 status half-configured grep:armel 2.20-4.1
2016-03-26 19:23:28 status installed grep:armel 2.20-4.1
2016-03-26 19:23:28 configure isc-dhcp-common:armel 4.3.1-6+deb8u2 <none>
2016-03-26 19:23:28 status unpacked isc-dhcp-common:armel 4.3.1-6+deb8u2
2016-03-26 19:23:28 status half-configured isc-dhcp-common:armel 4.3.1-6+deb8u2
2016-03-26 19:23:28 status installed isc-dhcp-common:armel 4.3.1-6+deb8u2
2016-03-26 19:23:28 configure debconf:all 1.5.56 <none>
2016-03-26 19:23:28 status unpacked debconf:all 1.5.56
2016-03-26 19:23:28 status half-configured debconf:all 1.5.56
2016-03-26 19:23:30 status installed debconf:all 1.5.56
2016-03-26 19:23:30 configure tzdata:all 2015g-0+deb8u1 <none>
2016-03-26 19:23:30 status unpacked tzdata:all 2015g-0+deb8u1
2016-03-26 19:23:30 status half-configured tzdata:all 2015g-0+deb8u1
2016-03-26 20:23:40 status installed tzdata:all 2015g-0+deb8u1
2016-03-26 20:23:40 configure gzip:armel 1.6-4 <none>
2016-03-26 20:23:40 status unpacked gzip:armel 1.6-4
2016-03-26 20:23:40 status half-configured gzip:armel 1.6-4
2016-03-26 20:23:40 status installed gzip:armel 1.6-4
2016-03-26 20:23:40 configure dash:armel 0.5.7-4+b1 <none>
2016-03-26 20:23:40 status unpacked dash:armel 0.5.7-4+b1
2016-03-26 20:23:40 status half-configured dash:armel 0.5.7-4+b1
2016-03-26 20:23:49 status installed dash:armel 0.5.7-4+b1
2016-03-26 20:23:49 configure perl-modules:all 5.20.2-3+deb8u3 <none>
2016-03-26 20:23:49 status unpacked perl-modules:all 5.20.2-3+deb8u3
2016-03-26 20:23:49 status half-configured perl-modules:all 5.20.2-3+deb8u3
2016-03-26 20:23:49 status installed perl-modules:all 5.20.2-3+deb8u3
2016-03-26 20:23:50 configure isc-dhcp-client:armel 4.3.1-6+deb8u2 <none>
2016-03-26 20:23:50 status unpacked isc-dhcp-client:armel 4.3.1-6+deb8u2
2016-03-26 20:23:50 status half-configured isc-dhcp-client:armel 4.3.1-6+deb8u2
2016-03-26 20:23:51 status installed isc-dhcp-client:armel 4.3.1-6+deb8u2
2016-03-26 20:23:51 configure libgssapi-krb5-2:armel 1.12.1+dfsg-19+deb8u1 <none>
2016-03-26 20:23:51 status unpacked libgssapi-krb5-2:armel 1.12.1+dfsg-19+deb8u1
2016-03-26 20:23:51 status half-configured libgssapi-krb5-2:armel 1.12.1+dfsg-19+deb8u1
2016-03-26 20:23:51 status installed libgssapi-krb5-2:armel 1.12.1+dfsg-19+deb8u1
2016-03-26 20:23:51 configure perl:armel 5.20.2-3+deb8u3 <none>
2016-03-26 20:23:51 status unpacked perl:armel 5.20.2-3+deb8u3
2016-03-26 20:23:51 status half-configured perl:armel 5.20.2-3+deb8u3
2016-03-26 20:23:51 status installed perl:armel 5.20.2-3+deb8u3
2016-03-26 20:23:51 configure nano:armel 2.2.6-3 <none>
2016-03-26 20:23:51 status unpacked nano:armel 2.2.6-3
2016-03-26 20:23:51 status half-configured nano:armel 2.2.6-3
2016-03-26 20:23:51 status installed nano:armel 2.2.6-3
2016-03-26 20:23:51 configure init-system-helpers:all 1.22 <none>
2016-03-26 20:23:51 status unpacked init-system-helpers:all 1.22
2016-03-26 20:23:51 status half-configured init-system-helpers:all 1.22
2016-03-26 20:23:51 status installed init-system-helpers:all 1.22
2016-03-26 20:23:51 configure libtext-iconv-perl:armel 1.7-5+b2 <none>
2016-03-26 20:23:51 status unpacked libtext-iconv-perl:armel 1.7-5+b2
2016-03-26 20:23:51 status half-configured libtext-iconv-perl:armel 1.7-5+b2
2016-03-26 20:23:51 status installed libtext-iconv-perl:armel 1.7-5+b2
2016-03-26 20:23:51 configure libgnutls-openssl27:armel 3.3.8-6+deb8u3 <none>
2016-03-26 20:23:51 status unpacked libgnutls-openssl27:armel 3.3.8-6+deb8u3
2016-03-26 20:23:51 status half-configured libgnutls-openssl27:armel 3.3.8-6+deb8u3
2016-03-26 20:23:51 status installed libgnutls-openssl27:armel 3.3.8-6+deb8u3
2016-03-26 20:23:51 configure sysv-rc:all 2.88dsf-59 <none>
2016-03-26 20:23:51 status unpacked sysv-rc:all 2.88dsf-59
2016-03-26 20:23:51 status half-configured sysv-rc:all 2.88dsf-59
2016-03-26 20:23:52 status installed sysv-rc:all 2.88dsf-59
2016-03-26 20:23:52 configure liblocale-gettext-perl:armel 1.05-8+b1 <none>
2016-03-26 20:23:52 status unpacked liblocale-gettext-perl:armel 1.05-8+b1
2016-03-26 20:23:52 status half-configured liblocale-gettext-perl:armel 1.05-8+b1
2016-03-26 20:23:52 status installed liblocale-gettext-perl:armel 1.05-8+b1
2016-03-26 20:23:52 configure libtext-charwidth-perl:armel 0.04-7+b3 <none>
2016-03-26 20:23:52 status unpacked libtext-charwidth-perl:armel 0.04-7+b3
2016-03-26 20:23:52 status half-configured libtext-charwidth-perl:armel 0.04-7+b3
2016-03-26 20:23:52 status installed libtext-charwidth-perl:armel 0.04-7+b3
2016-03-26 20:23:52 configure libpam0g:armel 1.1.8-3.1+deb8u1 <none>
2016-03-26 20:23:52 status unpacked libpam0g:armel 1.1.8-3.1+deb8u1
2016-03-26 20:23:52 status half-configured libpam0g:armel 1.1.8-3.1+deb8u1
2016-03-26 20:23:53 status installed libpam0g:armel 1.1.8-3.1+deb8u1
2016-03-26 20:23:53 configure initscripts:armel 2.88dsf-59 <none>
2016-03-26 20:23:53 status unpacked initscripts:armel 2.88dsf-59
2016-03-26 20:23:53 status half-configured initscripts:armel 2.88dsf-59
2016-03-26 20:24:02 status installed initscripts:armel 2.88dsf-59
2016-03-26 20:24:02 configure locales:all 2.19-18+deb8u2 <none>
2016-03-26 20:24:02 status unpacked locales:all 2.19-18+deb8u2
2016-03-26 20:24:02 status half-configured locales:all 2.19-18+deb8u2
2016-03-26 20:24:17 status installed locales:all 2.19-18+deb8u2
2016-03-26 20:24:17 configure libreadline6:armel 6.3-8+b3 <none>
2016-03-26 20:24:17 status unpacked libreadline6:armel 6.3-8+b3
2016-03-26 20:24:17 status half-configured libreadline6:armel 6.3-8+b3
2016-03-26 20:24:17 status installed libreadline6:armel 6.3-8+b3
2016-03-26 20:24:17 configure iputils-ping:armel 3:20121221-5+b2 <none>
2016-03-26 20:24:17 status unpacked iputils-ping:armel 3:20121221-5+b2
2016-03-26 20:24:17 status half-configured iputils-ping:armel 3:20121221-5+b2
2016-03-26 20:24:17 status installed iputils-ping:armel 3:20121221-5+b2
2016-03-26 20:24:17 configure libperl4-corelibs-perl:all 0.003-1 <none>
2016-03-26 20:24:17 status unpacked libperl4-corelibs-perl:all 0.003-1
2016-03-26 20:24:17 status half-configured libperl4-corelibs-perl:all 0.003-1
2016-03-26 20:24:17 status installed libperl4-corelibs-perl:all 0.003-1
2016-03-26 20:24:17 configure libpam-modules-bin:armel 1.1.8-3.1+deb8u1 <none>
2016-03-26 20:24:17 status unpacked libpam-modules-bin:armel 1.1.8-3.1+deb8u1
2016-03-26 20:24:17 status half-configured libpam-modules-bin:armel 1.1.8-3.1+deb8u1
2016-03-26 20:24:17 status installed libpam-modules-bin:armel 1.1.8-3.1+deb8u1
2016-03-26 20:24:17 configure libssl1.0.0:armel 1.0.1k-3+deb8u2 <none>
2016-03-26 20:24:17 status unpacked libssl1.0.0:armel 1.0.1k-3+deb8u2
2016-03-26 20:24:17 status half-configured libssl1.0.0:armel 1.0.1k-3+deb8u2
2016-03-26 20:24:19 status installed libssl1.0.0:armel 1.0.1k-3+deb8u2
2016-03-26 20:24:19 configure bash:armel 4.3-11+b1 <none>
2016-03-26 20:24:19 status unpacked bash:armel 4.3-11+b1
2016-03-26 20:24:19 status half-configured bash:armel 4.3-11+b1
2016-03-26 20:24:19 status installed bash:armel 4.3-11+b1
2016-03-26 20:24:19 configure lsof:armel 4.86+dfsg-1 <none>
2016-03-26 20:24:19 status unpacked lsof:armel 4.86+dfsg-1
2016-03-26 20:24:19 status half-configured lsof:armel 4.86+dfsg-1
2016-03-26 20:24:19 status installed lsof:armel 4.86+dfsg-1
2016-03-26 20:24:19 configure gnupg:armel 1.4.18-7 <none>
2016-03-26 20:24:19 status unpacked gnupg:armel 1.4.18-7
2016-03-26 20:24:19 status half-configured gnupg:armel 1.4.18-7
2016-03-26 20:24:19 status installed gnupg:armel 1.4.18-7
2016-03-26 20:24:19 configure procps:armel 2:3.3.9-9 <none>
2016-03-26 20:24:19 status unpacked procps:armel 2:3.3.9-9
2016-03-26 20:24:19 status half-configured procps:armel 2:3.3.9-9
2016-03-26 20:24:20 status installed procps:armel 2:3.3.9-9
2016-03-26 20:24:21 configure libtext-wrapi18n-perl:all 0.06-7 <none>
2016-03-26 20:24:21 status unpacked libtext-wrapi18n-perl:all 0.06-7
2016-03-26 20:24:21 status half-configured libtext-wrapi18n-perl:all 0.06-7
2016-03-26 20:24:21 status installed libtext-wrapi18n-perl:all 0.06-7
2016-03-26 20:24:21 configure apt:armel 1.0.9.8.2 <none>
2016-03-26 20:24:21 status unpacked apt:armel 1.0.9.8.2
2016-03-26 20:24:21 status half-configured apt:armel 1.0.9.8.2
2016-03-26 20:24:21 status installed apt:armel 1.0.9.8.2
2016-03-26 20:24:21 configure libpam-modules:armel 1.1.8-3.1+deb8u1 <none>
2016-03-26 20:24:21 status unpacked libpam-modules:armel 1.1.8-3.1+deb8u1
2016-03-26 20:24:21 status half-configured libpam-modules:armel 1.1.8-3.1+deb8u1
2016-03-26 20:24:21 status installed libpam-modules:armel 1.1.8-3.1+deb8u1
2016-03-26 20:24:21 configure libpam-runtime:all 1.1.8-3.1+deb8u1 <none>
2016-03-26 20:24:21 status unpacked libpam-runtime:all 1.1.8-3.1+deb8u1
2016-03-26 20:24:21 status half-configured libpam-runtime:all 1.1.8-3.1+deb8u1
2016-03-26 20:24:24 status installed libpam-runtime:all 1.1.8-3.1+deb8u1
2016-03-26 20:24:24 configure debconf-i18n:all 1.5.56 <none>
2016-03-26 20:24:24 status unpacked debconf-i18n:all 1.5.56
2016-03-26 20:24:24 status half-configured debconf-i18n:all 1.5.56
2016-03-26 20:24:24 status installed debconf-i18n:all 1.5.56
2016-03-26 20:24:24 configure passwd:armel 1:4.2-3+deb8u1 <none>
2016-03-26 20:24:24 status unpacked passwd:armel 1:4.2-3+deb8u1
2016-03-26 20:24:24 status half-configured passwd:armel 1:4.2-3+deb8u1
2016-03-26 20:24:24 status installed passwd:armel 1:4.2-3+deb8u1
2016-03-26 20:24:24 configure login:armel 1:4.2-3+deb8u1 <none>
2016-03-26 20:24:24 status unpacked login:armel 1:4.2-3+deb8u1
2016-03-26 20:24:24 status half-configured login:armel 1:4.2-3+deb8u1
2016-03-26 20:24:24 status installed login:armel 1:4.2-3+deb8u1
2016-03-26 20:24:24 configure adduser:all 3.113+nmu3 <none>
2016-03-26 20:24:24 status unpacked adduser:all 3.113+nmu3
2016-03-26 20:24:24 status half-configured adduser:all 3.113+nmu3
2016-03-26 20:24:26 status installed adduser:all 3.113+nmu3
2016-03-26 20:24:26 configure openssh-client:armel 1:6.7p1-5+deb8u1 <none>
2016-03-26 20:24:26 status unpacked openssh-client:armel 1:6.7p1-5+deb8u1
2016-03-26 20:24:26 status half-configured openssh-client:armel 1:6.7p1-5+deb8u1
2016-03-26 20:24:27 status installed openssh-client:armel 1:6.7p1-5+deb8u1
2016-03-26 20:24:27 configure ifupdown:armel 0.7.53.1 <none>
2016-03-26 20:24:27 status unpacked ifupdown:armel 0.7.53.1
2016-03-26 20:24:27 status half-configured ifupdown:armel 0.7.53.1
2016-03-26 20:24:29 status installed ifupdown:armel 0.7.53.1
2016-03-26 20:24:29 configure libuuid1:armel 2.25.2-6 <none>
2016-03-26 20:24:29 status unpacked libuuid1:armel 2.25.2-6
2016-03-26 20:24:29 status half-configured libuuid1:armel 2.25.2-6
2016-03-26 20:24:29 status installed libuuid1:armel 2.25.2-6
2016-03-26 20:24:29 configure libblkid1:armel 2.25.2-6 <none>
2016-03-26 20:24:29 status unpacked libblkid1:armel 2.25.2-6
2016-03-26 20:24:29 status half-configured libblkid1:armel 2.25.2-6
2016-03-26 20:24:29 status installed libblkid1:armel 2.25.2-6
2016-03-26 20:24:29 configure openssh-sftp-server:armel 1:6.7p1-5+deb8u1 <none>
2016-03-26 20:24:29 status unpacked openssh-sftp-server:armel 1:6.7p1-5+deb8u1
2016-03-26 20:24:29 status half-configured openssh-sftp-server:armel 1:6.7p1-5+deb8u1
2016-03-26 20:24:29 status installed openssh-sftp-server:armel 1:6.7p1-5+deb8u1
2016-03-26 20:24:29 configure wget:armel 1.16-1 <none>
2016-03-26 20:24:29 status unpacked wget:armel 1.16-1
2016-03-26 20:24:29 status half-configured wget:armel 1.16-1
2016-03-26 20:24:29 status installed wget:armel 1.16-1
2016-03-26 20:24:29 configure libmount1:armel 2.25.2-6 <none>
2016-03-26 20:24:29 status unpacked libmount1:armel 2.25.2-6
2016-03-26 20:24:29 status half-configured libmount1:armel 2.25.2-6
2016-03-26 20:24:29 status installed libmount1:armel 2.25.2-6
2016-03-26 20:24:29 configure util-linux:armel 2.25.2-6 <none>
2016-03-26 20:24:29 status unpacked util-linux:armel 2.25.2-6
2016-03-26 20:24:29 status half-configured util-linux:armel 2.25.2-6
2016-03-26 20:24:30 status installed util-linux:armel 2.25.2-6
2016-03-26 20:24:30 configure libcryptsetup4:armel 2:1.6.6-5 <none>
2016-03-26 20:24:30 status unpacked libcryptsetup4:armel 2:1.6.6-5
2016-03-26 20:24:30 status half-configured libcryptsetup4:armel 2:1.6.6-5
2016-03-26 20:24:30 status installed libcryptsetup4:armel 2:1.6.6-5
2016-03-26 20:24:30 configure mount:armel 2.25.2-6 <none>
2016-03-26 20:24:30 status unpacked mount:armel 2.25.2-6
2016-03-26 20:24:30 status half-configured mount:armel 2.25.2-6
2016-03-26 20:24:30 status installed mount:armel 2.25.2-6
2016-03-26 20:24:30 configure e2fsprogs:armel 1.42.12-1.1 <none>
2016-03-26 20:24:30 status unpacked e2fsprogs:armel 1.42.12-1.1
2016-03-26 20:24:30 status half-configured e2fsprogs:armel 1.42.12-1.1
2016-03-26 20:24:30 status installed e2fsprogs:armel 1.42.12-1.1
2016-03-26 20:24:30 configure openssh-server:armel 1:6.7p1-5+deb8u1 <none>
2016-03-26 20:24:30 status unpacked openssh-server:armel 1:6.7p1-5+deb8u1
2016-03-26 20:24:30 status half-configured openssh-server:armel 1:6.7p1-5+deb8u1
2016-03-26 20:24:50 status installed openssh-server:armel 1:6.7p1-5+deb8u1
2016-03-26 20:24:50 configure udev:armel 215-17+deb8u3 <none>
2016-03-26 20:24:50 status unpacked udev:armel 215-17+deb8u3
2016-03-26 20:24:50 status half-configured udev:armel 215-17+deb8u3
2016-03-26 20:24:55 status installed udev:armel 215-17+deb8u3
2016-03-26 20:24:55 configure systemd:armel 215-17+deb8u3 <none>
2016-03-26 20:24:55 status unpacked systemd:armel 215-17+deb8u3
2016-03-26 20:24:55 status half-configured systemd:armel 215-17+deb8u3
2016-03-26 20:25:00 status installed systemd:armel 215-17+deb8u3
2016-03-26 20:25:00 configure dmsetup:armel 2:1.02.90-2.2 <none>
2016-03-26 20:25:00 status unpacked dmsetup:armel 2:1.02.90-2.2
2016-03-26 20:25:00 status half-configured dmsetup:armel 2:1.02.90-2.2
2016-03-26 20:25:00 status installed dmsetup:armel 2:1.02.90-2.2
2016-03-26 20:25:00 configure systemd-sysv:armel 215-17+deb8u3 <none>
2016-03-26 20:25:00 status unpacked systemd-sysv:armel 215-17+deb8u3
2016-03-26 20:25:00 status half-configured systemd-sysv:armel 215-17+deb8u3
2016-03-26 20:25:00 status installed systemd-sysv:armel 215-17+deb8u3
2016-03-26 20:25:00 configure ssh:all 1:6.7p1-5+deb8u1 <none>
2016-03-26 20:25:00 status unpacked ssh:all 1:6.7p1-5+deb8u1
2016-03-26 20:25:00 status half-configured ssh:all 1:6.7p1-5+deb8u1
2016-03-26 20:25:00 status installed ssh:all 1:6.7p1-5+deb8u1
2016-03-26 20:25:00 configure init:armel 1.22 <none>
2016-03-26 20:25:00 status unpacked init:armel 1.22
2016-03-26 20:25:00 status half-configured init:armel 1.22
2016-03-26 20:25:00 status installed init:armel 1.22
2016-03-26 20:25:00 trigproc libc-bin:armel 2.19-18+deb8u2 <none>
2016-03-26 20:25:00 status half-configured libc-bin:armel 2.19-18+deb8u2
2016-03-26 20:25:01 status installed libc-bin:armel 2.19-18+deb8u2
